{"C:\\Users\\a8182\\REACTJS\\FoodOrder\\src\\components\\Contact.jsx": {"path":"C:\\Users\\a8182\\REACTJS\\FoodOrder\\src\\components\\Contact.jsx","statementMap":{"0":{"start":{"line":1,"column":16},"end":{"line":37,"column":1}},"1":{"start":{"line":2,"column":18},"end":{"line":7,"column":3}},"2":{"start":{"line":9,"column":2},"end":{"line":36,"column":4}}},"fnMap":{"0":{"name":"(anonymous_0)","decl":{"start":{"line":1,"column":16},"end":{"line":1,"column":17}},"loc":{"start":{"line":1,"column":22},"end":{"line":37,"column":1}},"line":1}},"branchMap":{"0":{"loc":{"start":{"line":22,"column":9},"end":{"line":27,"column":9}},"type":"binary-expr","locations":[{"start":{"line":22,"column":9},"end":{"line":22,"column":22}},{"start":{"line":23,"column":10},"end":{"line":26,"column":16}}],"line":22},"1":{"loc":{"start":{"line":28,"column":9},"end":{"line":33,"column":9}},"type":"binary-expr","locations":[{"start":{"line":28,"column":9},"end":{"line":28,"column":24}},{"start":{"line":29,"column":10},"end":{"line":32,"column":16}}],"line":28}},"s":{"0":1,"1":3,"2":3},"f":{"0":3},"b":{"0":[3,3],"1":[3,3]},"_coverageSchema":"1a1c01bbd47fc00a2c39e90264f33305004495a9","hash":"029a3a32c42d16ac9e8044ed788d9d3e14599e7f"}
,"C:\\Users\\a8182\\REACTJS\\FoodOrder\\src\\dummytest\\sum.js": {"path":"C:\\Users\\a8182\\REACTJS\\FoodOrder\\src\\dummytest\\sum.js","statementMap":{"0":{"start":{"line":1,"column":17},"end":{"line":3,"column":1}},"1":{"start":{"line":2,"column":4},"end":{"line":2,"column":15}}},"fnMap":{"0":{"name":"(anonymous_0)","decl":{"start":{"line":1,"column":17},"end":{"line":1,"column":18}},"loc":{"start":{"line":1,"column":24},"end":{"line":3,"column":1}},"line":1}},"branchMap":{},"s":{"0":1,"1":1},"f":{"0":1},"b":{},"_coverageSchema":"1a1c01bbd47fc00a2c39e90264f33305004495a9","hash":"4ffbb8bdcae1bb67e2e8b76add517a50099706cb"}
}
